# JRE version: OpenJDK Runtime Environment (8.0_242-b01) (build 1.8.0_242-release-1644-b01)
# Java VM: OpenJDK 64-Bit Server VM (25.242-b01 mixed mode windows-amd64 compressed oops)
Heap:
 PSYoungGen      total 462848K, used 402298K [0x00000000e0000000, 0x0000000100000000, 0x0000000100000000)
  eden space 444416K, 86% used [0x00000000e0000000,0x00000000f76e45b0,0x00000000fb200000)
  from space 18432K, 99% used [0x00000000fb200000,0x00000000fc3fa250,0x00000000fc400000)
  to   space 29696K, 0% used [0x00000000fe300000,0x00000000fe300000,0x0000000100000000)
 ParOldGen       total 127488K, used 99768K [0x00000000a0000000, 0x00000000a7c80000, 0x00000000e0000000)
  object space 127488K, 78% used [0x00000000a0000000,0x00000000a616e098,0x00000000a7c80000)
 Metaspace       used 109178K, capacity 114512K, committed 114816K, reserved 1148928K
  class space    used 13878K, capacity 14868K, committed 14976K, reserved 1048576K
GC Heap History (10 events):
Event: 484.703 GC heap before
{Heap before GC invocations=79 (full 6):
 PSYoungGen      total 368128K, used 358565K [0x00000000e0000000, 0x00000000f8000000, 0x0000000100000000)
  eden space 352256K, 100% used [0x00000000e0000000,0x00000000f5800000,0x00000000f5800000)
  from space 15872K, 39% used [0x00000000f7080000,0x00000000f76a9408,0x00000000f8000000)
  to   space 20480K, 0% used [0x00000000f5800000,0x00000000f5800000,0x00000000f6c00000)
 ParOldGen       total 127488K, used 69406K [0x00000000a0000000, 0x00000000a7c80000, 0x00000000e0000000)
  object space 127488K, 54% used [0x00000000a0000000,0x00000000a43c7aa0,0x00000000a7c80000)
 Metaspace       used 101100K, capacity 105932K, committed 106880K, reserved 1142784K
  class space    used 13019K, capacity 13920K, committed 14208K, reserved 1048576K
Event: 484.735 GC heap after
Heap after GC invocations=79 (full 6):
 PSYoungGen      total 372736K, used 4829K [0x00000000e0000000, 0x00000000fa880000, 0x0000000100000000)
  eden space 352256K, 0% used [0x00000000e0000000,0x00000000e0000000,0x00000000f5800000)
  from space 20480K, 23% used [0x00000000f5800000,0x00000000f5cb7550,0x00000000f6c00000)
  to   space 19456K, 0% used [0x00000000f9580000,0x00000000f9580000,0x00000000fa880000)
 ParOldGen       total 127488K, used 74130K [0x00000000a0000000, 0x00000000a7c80000, 0x00000000e0000000)
  object space 127488K, 58% used [0x00000000a0000000,0x00000000a4864910,0x00000000a7c80000)
 Metaspace       used 101100K, capacity 105932K, committed 106880K, reserved 1142784K
  class space    used 13019K, capacity 13920K, committed 14208K, reserved 1048576K
}
Event: 487.776 GC heap before
{Heap before GC invocations=80 (full 6):
 PSYoungGen      total 372736K, used 357085K [0x00000000e0000000, 0x00000000fa880000, 0x0000000100000000)
  eden space 352256K, 100% used [0x00000000e0000000,0x00000000f5800000,0x00000000f5800000)
  from space 20480K, 23% used [0x00000000f5800000,0x00000000f5cb7550,0x00000000f6c00000)
  to   space 19456K, 0% used [0x00000000f9580000,0x00000000f9580000,0x00000000fa880000)
 ParOldGen       total 127488K, used 74130K [0x00000000a0000000, 0x00000000a7c80000, 0x00000000e0000000)
  object space 127488K, 58% used [0x00000000a0000000,0x00000000a4864910,0x00000000a7c80000)
 Metaspace       used 101116K, capacity 106004K, committed 106880K, reserved 1142784K
  class space    used 13019K, capacity 13920K, committed 14208K, reserved 1048576K
Event: 487.805 GC heap after
Heap after GC invocations=80 (full 6):
 PSYoungGen      total 413184K, used 4189K [0x00000000e0000000, 0x00000000fa700000, 0x0000000100000000)
  eden space 395264K, 0% used [0x00000000e0000000,0x00000000e0000000,0x00000000f8200000)
  from space 17920K, 23% used [0x00000000f9580000,0x00000000f99975b8,0x00000000fa700000)
  to   space 18944K, 0% used [0x00000000f8200000,0x00000000f8200000,0x00000000f9480000)
 ParOldGen       total 127488K, used 74875K [0x00000000a0000000, 0x00000000a7c80000, 0x00000000e0000000)
  object space 127488K, 58% used [0x00000000a0000000,0x00000000a491ef38,0x00000000a7c80000)
 Metaspace       used 101116K, capacity 106004K, committed 106880K, reserved 1142784K
  class space    used 13019K, capacity 13920K, committed 14208K, reserved 1048576K
}
Event: 492.074 GC heap before
{Heap before GC invocations=81 (full 6):
 PSYoungGen      total 413184K, used 399453K [0x00000000e0000000, 0x00000000fa700000, 0x0000000100000000)
  eden space 395264K, 100% used [0x00000000e0000000,0x00000000f8200000,0x00000000f8200000)
  from space 17920K, 23% used [0x00000000f9580000,0x00000000f99975b8,0x00000000fa700000)
  to   space 18944K, 0% used [0x00000000f8200000,0x00000000f8200000,0x00000000f9480000)
 ParOldGen       total 127488K, used 74875K [0x00000000a0000000, 0x00000000a7c80000, 0x00000000e0000000)
  object space 127488K, 58% used [0x00000000a0000000,0x00000000a491ef38,0x00000000a7c80000)
 Metaspace       used 101136K, capacity 106004K, committed 106880K, reserved 1142784K
  class space    used 13019K, capacity 13920K, committed 14208K, reserved 1048576K
Event: 492.182 GC heap after
Heap after GC invocations=81 (full 6):
 PSYoungGen      total 414208K, used 9504K [0x00000000e0000000, 0x00000000fda80000, 0x0000000100000000)
  eden space 395264K, 0% used [0x00000000e0000000,0x00000000e0000000,0x00000000f8200000)
  from space 18944K, 50% used [0x00000000f8200000,0x00000000f8b483f8,0x00000000f9480000)
  to   space 18432K, 0% used [0x00000000fc880000,0x00000000fc880000,0x00000000fda80000)
 ParOldGen       total 127488K, used 76514K [0x00000000a0000000, 0x00000000a7c80000, 0x00000000e0000000)
  object space 127488K, 60% used [0x00000000a0000000,0x00000000a4ab8b08,0x00000000a7c80000)
 Metaspace       used 101136K, capacity 106004K, committed 106880K, reserved 1142784K
  class space    used 13019K, capacity 13920K, committed 14208K, reserved 1048576K
}
Event: 496.548 GC heap before
{Heap before GC invocations=82 (full 6):
 PSYoungGen      total 414208K, used 404767K [0x00000000e0000000, 0x00000000fda80000, 0x0000000100000000)
  eden space 395264K, 99% used [0x00000000e0000000,0x00000000f81ff880,0x00000000f8200000)
  from space 18944K, 50% used [0x00000000f8200000,0x00000000f8b483f8,0x00000000f9480000)
  to   space 18432K, 0% used [0x00000000fc880000,0x00000000fc880000,0x00000000fda80000)
 ParOldGen       total 127488K, used 76514K [0x00000000a0000000, 0x00000000a7c80000, 0x00000000e0000000)
  object space 127488K, 60% used [0x00000000a0000000,0x00000000a4ab8b08,0x00000000a7c80000)
 Metaspace       used 101166K, capacity 106068K, committed 107136K, reserved 1142784K
  class space    used 13019K, capacity 13920K, committed 14208K, reserved 1048576K
Event: 496.555 GC heap after
Heap after GC invocations=82 (full 6):
 PSYoungGen      total 458240K, used 973K [0x00000000e0000000, 0x00000000fd600000, 0x0000000100000000)
  eden space 444416K, 0% used [0x00000000e0000000,0x00000000e0000000,0x00000000fb200000)
  from space 13824K, 7% used [0x00000000fc880000,0x00000000fc9734c8,0x00000000fd600000)
  to   space 18432K, 0% used [0x00000000fb200000,0x00000000fb200000,0x00000000fc400000)
 ParOldGen       total 127488K, used 78104K [0x00000000a0000000, 0x00000000a7c80000, 0x00000000e0000000)
  object space 127488K, 61% used [0x00000000a0000000,0x00000000a4c461e0,0x00000000a7c80000)
 Metaspace       used 101166K, capacity 106068K, committed 107136K, reserved 1142784K
  class space    used 13019K, capacity 13920K, committed 14208K, reserved 1048576K
}
Event: 502.854 GC heap before
{Heap before GC invocations=83 (full 6):
 PSYoungGen      total 458240K, used 445389K [0x00000000e0000000, 0x00000000fd600000, 0x0000000100000000)
  eden space 444416K, 100% used [0x00000000e0000000,0x00000000fb200000,0x00000000fb200000)
  from space 13824K, 7% used [0x00000000fc880000,0x00000000fc9734c8,0x00000000fd600000)
  to   space 18432K, 0% used [0x00000000fb200000,0x00000000fb200000,0x00000000fc400000)
 ParOldGen       total 127488K, used 78104K [0x00000000a0000000, 0x00000000a7c80000, 0x00000000e0000000)
  object space 127488K, 61% used [0x00000000a0000000,0x00000000a4c461e0,0x00000000a7c80000)
 Metaspace       used 101873K, capacity 106824K, committed 107648K, reserved 1142784K
  class space    used 13081K, capacity 13976K, committed 14208K, reserved 1048576K
Event: 502.998 GC heap after
Heap after GC invocations=83 (full 6):
 PSYoungGen      total 462848K, used 18408K [0x00000000e0000000, 0x0000000100000000, 0x0000000100000000)
  eden space 444416K, 0% used [0x00000000e0000000,0x00000000e0000000,0x00000000fb200000)
  from space 18432K, 99% used [0x00000000fb200000,0x00000000fc3fa250,0x00000000fc400000)
  to   space 29696K, 0% used [0x00000000fe300000,0x00000000fe300000,0x0000000100000000)
 ParOldGen       total 127488K, used 99768K [0x00000000a0000000, 0x00000000a7c80000, 0x00000000e0000000)
  object space 127488K, 78% used [0x00000000a0000000,0x00000000a616e098,0x00000000a7c80000)
 Metaspace       used 101873K, capacity 106824K, committed 107648K, reserved 1142784K
  class space    used 13081K, capacity 13976K, committed 14208K, reserved 1048576K
}

